{
  "stats": {
    "suites": 1,
    "tests": 1,
    "passes": 1,
    "pending": 0,
    "failures": 0,
    "start": "2020-12-13T04:52:41.570Z",
    "end": "2020-12-13T04:52:55.893Z",
    "duration": 14323,
    "testsRegistered": 1,
    "passPercent": 100,
    "pendingPercent": 0,
    "other": 0,
    "hasOther": false,
    "skipped": 0,
    "hasSkipped": false
  },
  "results": [
    {
      "uuid": "6a002328-6e3d-4423-936c-17b99b210ee6",
      "title": "",
      "fullFile": "cypress/integration/compra.spec.js",
      "file": "cypress/integration/compra.spec.js",
      "beforeHooks": [],
      "afterHooks": [],
      "tests": [],
      "suites": [
        {
          "uuid": "961f7214-cf85-4241-9090-99d282e51be1",
          "title": "Compra",
          "fullFile": "",
          "file": "",
          "beforeHooks": [],
          "afterHooks": [],
          "tests": [
            {
              "title": "Efetuar uma compra de produto",
              "fullTitle": "Compra Efetuar uma compra de produto",
              "timedOut": null,
              "duration": 14266,
              "state": "passed",
              "speed": "slow",
              "pass": true,
              "fail": false,
              "pending": false,
              "context": null,
              "code": "// Background login\ncy.backgroundLogin(); // http://automationpractice.com/index.php\ncy.visit('/'); // Adiciona produto ao carrinho\nvar nomeProduto = 'Faded Short Sleeve T-shirts';\ncy.contains(nomeProduto).trigger('mouseover');\ncy.contains(nomeProduto).parent() // h5\n.siblings('div.button-container').children('a').first() // add to cart\n.click(); // Validando se o produto foi adicionado ao carrinho com sucesso\ncy.get('.icon-ok').parent() //h2\n.should('contain.text', 'Product successfully added to your shopping cart');\ncy.get('span#layer_cart_product_title').should('contain.text', nomeProduto); // Segue para o checkout\ncy.get(\".button-container a[href$='controller=order']\").click(); // Summary\ncy.get(\".cart_navigation a[href$='order&step=1']\").click(); // Sign in\n// cy.get('#email').type('keoma@mail.com');\n// cy.get('#passwd').type('pwd123');\n// cy.get('button#SubmitLogin').click();\n// Validando se o endereço de entrega é igual o de cobrança\ncy.get('[type=checkbox]#addressesAreEquals').should('have.attr', 'checked', 'checked'); // Address\ncy.get('button[name=processAddress]').click(); // Shipping\ncy.get('[type=checkbox]#cgv').check();\ncy.get('button[name=processCarrier]').click(); // Payment\ncy.get('.bankwire').click(); // Validando que a compra foi realizada com sucesso\ncy.get(\".cart_navigation button[type='submit']\").find('span').contains('I confirm my order').click(); // Validando a compra na tela de pedidos\ncy.get('.cheque-indent strong').should('contain.text', 'Your order on My Store is complete.');\ncy.get('div.box').invoke('text').then(function (text) {\n  cy.writeFile('cypress/fixtures/pedido.json', {\n    id: \"\".concat(text.match(/[A-Z]{9}/g))\n  });\n});\ncy.get(\".cart_navigation a[href$='history']\").click();\ncy.readFile('cypress/fixtures/pedido.json').then(function (pedido) {\n  cy.get('tr.first_item td.history_link a').should('contain.text', pedido.id);\n});",
              "err": {},
              "uuid": "e454a03b-d0fe-4bb1-acdb-fee905e105f7",
              "parentUUID": "961f7214-cf85-4241-9090-99d282e51be1",
              "isHook": false,
              "skipped": false
            }
          ],
          "suites": [],
          "passes": [
            "e454a03b-d0fe-4bb1-acdb-fee905e105f7"
          ],
          "failures": [],
          "pending": [],
          "skipped": [],
          "duration": 14266,
          "root": false,
          "rootEmpty": false,
          "_timeout": 2000
        }
      ],
      "passes": [],
      "failures": [],
      "pending": [],
      "skipped": [],
      "duration": 0,
      "root": true,
      "rootEmpty": true,
      "_timeout": 2000
    }
  ],
  "meta": {
    "mocha": {
      "version": "7.0.1"
    },
    "mochawesome": {
      "options": {
        "quiet": true,
        "reportFilename": "mochawesome",
        "saveHtml": false,
        "saveJson": true,
        "consoleReporter": "spec",
        "useInlineDiffs": false,
        "code": true
      },
      "version": "6.2.1"
    },
    "marge": {
      "options": {
        "id": "default",
        "reportDir": "mochawesome-report",
        "quiet": true,
        "overwrite": false,
        "html": false,
        "json": true
      },
      "version": "5.1.0"
    }
  }
}